<?xml version="1.0" encoding="UTF-8"?>
<!-- Generated by org.testng.reporters.JUnitReportReporter -->
<testsuite hostname="DESKTOP-RPDQFL9" failures="0" tests="7" name="EndToEnd.Phase3ProjectClass" time="4.175" errors="0" timestamp="06 Nov 2023 07:30:40 GMT" skipped="0">
  <testcase classname="EndToEnd.Phase3ProjectClass" name="TC02_postEmployee" time="0.599"/>
  <testcase classname="EndToEnd.Phase3ProjectClass" name="TC07_allgetEmployee" time="0.073"/>
  <testcase classname="EndToEnd.Phase3ProjectClass" name="TC05_deleteEmployee" time="0.037"/>
  <testcase classname="EndToEnd.Phase3ProjectClass" name="TC01_getallEmployee" time="3.311"/>
  <testcase classname="EndToEnd.Phase3ProjectClass" name="TC03_updateEmployee" time="0.060"/>
  <testcase classname="EndToEnd.Phase3ProjectClass" name="TC04_getSingleEmployee" time="0.055"/>
  <testcase classname="EndToEnd.Phase3ProjectClass" name="TC06_getSingleEmployee" time="0.040"/>
</testsuite> <!-- EndToEnd.Phase3ProjectClass -->
